<?xml version="1.0" encoding="UTF-8"?>
<!-- Generated by org.testng.reporters.JUnitReportReporter -->
<testsuite hostname="LAPTOP-9AVSRCSC" failures="0" tests="1" name="com.seleniummvn.NewTest2" time="0.014" errors="0" timestamp="2022-06-10T07:03:44 IST" skipped="0">
  <testcase classname="com.seleniummvn.NewTest2" name="f" time="0.014"/>
  <system-out/>
</testsuite> <!-- com.seleniummvn.NewTest2 -->
