<?xml version="1.0" encoding="UTF-8"?>
<!-- Generated by org.testng.reporters.JUnitReportReporter -->
<testsuite hostname="LAPTOP-9AVSRCSC" failures="0" tests="2" name="com.seleniummvn.NewTest1" time="0.021" errors="0" timestamp="2022-06-23T15:03:01 IST" skipped="0">
  <testcase classname="com.seleniummvn.NewTest1" name="l" time="0.002"/>
  <system-out/>
  <testcase classname="com.seleniummvn.NewTest1" name="f" time="0.019"/>
  <system-out/>
</testsuite> <!-- com.seleniummvn.NewTest1 -->
